26-01-07.01:26:40.053 [main            ] WARN  AnnotationConfigServletWebServerApplicationContext - Exception encountered during context initialization - cancelling refresh attempt: org.springframework.beans.factory.UnsatisfiedDependencyException: Error creating bean with name 'domainConfig' defined in file [/Users/liweimin.wyman/Desktop/个人文件/cert/hybird/hybird-app/target/classes/org/wyman/config/DomainConfig.class]: Unsatisfied dependency expressed through constructor parameter 2: Error creating bean with name 'signingService' defined in file [/Users/liweimin.wyman/Desktop/个人文件/cert/hybird/hybird-domain/target/classes/org/wyman/domain/signing/service/SigningService.class]: Unsatisfied dependency expressed through constructor parameter 1: Error creating bean with name 'minioObjectStorageGateway' defined in file [/Users/liweimin.wyman/Desktop/个人文件/cert/hybird/hybird-infrastructure/target/classes/org/wyman/infrastructure/adapter/port/MinioObjectStorageGateway.class]: Failed to instantiate [org.wyman.infrastructure.adapter.port.MinioObjectStorageGateway]: Constructor threw exception
26-01-07.01:26:40.069 [main            ] ERROR LoggingFailureAnalysisReporter - 

***************************
APPLICATION FAILED TO START
***************************

Description:

An attempt was made to call a method that does not exist. The attempt was made from the following location:

    io.minio.S3Base.<clinit>(S3Base.java:105)

The following method did not exist:

    'okhttp3.RequestBody okhttp3.RequestBody.create(byte[], okhttp3.MediaType)'

The calling method's class, io.minio.S3Base, was loaded from the following location:

    jar:file:/Users/liweimin.wyman/.m2/repository/io/minio/minio/8.5.7/minio-8.5.7.jar!/io/minio/S3Base.class

The called method's class, okhttp3.RequestBody, is available from the following locations:

    jar:file:/Users/liweimin.wyman/.m2/repository/com/squareup/okhttp3/okhttp/3.14.9/okhttp-3.14.9.jar!/okhttp3/RequestBody.class

The called method's class hierarchy was loaded from the following locations:

    okhttp3.RequestBody: file:/Users/liweimin.wyman/.m2/repository/com/squareup/okhttp3/okhttp/3.14.9/okhttp-3.14.9.jar


Action:

Correct the classpath of your application so that it contains compatible versions of the classes io.minio.S3Base and okhttp3.RequestBody

26-01-07.01:27:42.764 [main            ] WARN  AnnotationConfigServletWebServerApplicationContext - Exception encountered during context initialization - cancelling refresh attempt: org.springframework.beans.factory.UnsatisfiedDependencyException: Error creating bean with name 'domainConfig' defined in file [/Users/liweimin.wyman/Desktop/个人文件/cert/hybird/hybird-app/target/classes/org/wyman/config/DomainConfig.class]: Unsatisfied dependency expressed through constructor parameter 2: Error creating bean with name 'signingService' defined in file [/Users/liweimin.wyman/Desktop/个人文件/cert/hybird/hybird-domain/target/classes/org/wyman/domain/signing/service/SigningService.class]: Unsatisfied dependency expressed through constructor parameter 1: Error creating bean with name 'minioObjectStorageGateway' defined in file [/Users/liweimin.wyman/Desktop/个人文件/cert/hybird/hybird-infrastructure/target/classes/org/wyman/infrastructure/adapter/port/MinioObjectStorageGateway.class]: Failed to instantiate [org.wyman.infrastructure.adapter.port.MinioObjectStorageGateway]: Constructor threw exception
26-01-07.01:27:42.777 [main            ] ERROR LoggingFailureAnalysisReporter - 

***************************
APPLICATION FAILED TO START
***************************

Description:

An attempt was made to call a method that does not exist. The attempt was made from the following location:

    io.minio.S3Base.<clinit>(S3Base.java:105)

The following method did not exist:

    'okhttp3.RequestBody okhttp3.RequestBody.create(byte[], okhttp3.MediaType)'

The calling method's class, io.minio.S3Base, was loaded from the following location:

    jar:file:/Users/liweimin.wyman/.m2/repository/io/minio/minio/8.5.7/minio-8.5.7.jar!/io/minio/S3Base.class

The called method's class, okhttp3.RequestBody, is available from the following locations:

    jar:file:/Users/liweimin.wyman/.m2/repository/com/squareup/okhttp3/okhttp/3.14.9/okhttp-3.14.9.jar!/okhttp3/RequestBody.class

The called method's class hierarchy was loaded from the following locations:

    okhttp3.RequestBody: file:/Users/liweimin.wyman/.m2/repository/com/squareup/okhttp3/okhttp/3.14.9/okhttp-3.14.9.jar


Action:

Correct the classpath of your application so that it contains compatible versions of the classes io.minio.S3Base and okhttp3.RequestBody

26-01-07.01:28:46.545 [main            ] WARN  AnnotationConfigServletWebServerApplicationContext - Exception encountered during context initialization - cancelling refresh attempt: org.springframework.beans.factory.UnsatisfiedDependencyException: Error creating bean with name 'domainConfig' defined in URL [jar:nested:/Users/liweimin.wyman/Desktop/个人文件/cert/hybird/hybird-app/target/hybird-app.jar/!BOOT-INF/classes/!/org/wyman/config/DomainConfig.class]: Unsatisfied dependency expressed through constructor parameter 2: Error creating bean with name 'signingService' defined in URL [jar:nested:/Users/liweimin.wyman/Desktop/个人文件/cert/hybird/hybird-app/target/hybird-app.jar/!BOOT-INF/lib/hybird-domain-1.0-SNAPSHOT.jar!/org/wyman/domain/signing/service/SigningService.class]: Unsatisfied dependency expressed through constructor parameter 1: Error creating bean with name 'minioObjectStorageGateway' defined in URL [jar:nested:/Users/liweimin.wyman/Desktop/个人文件/cert/hybird/hybird-app/target/hybird-app.jar/!BOOT-INF/lib/hybird-infrastructure-1.0-SNAPSHOT.jar!/org/wyman/infrastructure/adapter/port/MinioObjectStorageGateway.class]: Failed to instantiate [org.wyman.infrastructure.adapter.port.MinioObjectStorageGateway]: Constructor threw exception
26-01-07.01:28:46.565 [main            ] ERROR SpringApplication      - Application run failed
org.springframework.beans.factory.UnsatisfiedDependencyException: Error creating bean with name 'domainConfig' defined in URL [jar:nested:/Users/liweimin.wyman/Desktop/个人文件/cert/hybird/hybird-app/target/hybird-app.jar/!BOOT-INF/classes/!/org/wyman/config/DomainConfig.class]: Unsatisfied dependency expressed through constructor parameter 2: Error creating bean with name 'signingService' defined in URL [jar:nested:/Users/liweimin.wyman/Desktop/个人文件/cert/hybird/hybird-app/target/hybird-app.jar/!BOOT-INF/lib/hybird-domain-1.0-SNAPSHOT.jar!/org/wyman/domain/signing/service/SigningService.class]: Unsatisfied dependency expressed through constructor parameter 1: Error creating bean with name 'minioObjectStorageGateway' defined in URL [jar:nested:/Users/liweimin.wyman/Desktop/个人文件/cert/hybird/hybird-app/target/hybird-app.jar/!BOOT-INF/lib/hybird-infrastructure-1.0-SNAPSHOT.jar!/org/wyman/infrastructure/adapter/port/MinioObjectStorageGateway.class]: Failed to instantiate [org.wyman.infrastructure.adapter.port.MinioObjectStorageGateway]: Constructor threw exception
	at org.springframework.beans.factory.support.ConstructorResolver.createArgumentArray(ConstructorResolver.java:804)
	at org.springframework.beans.factory.support.ConstructorResolver.autowireConstructor(ConstructorResolver.java:240)
	at org.springframework.beans.factory.support.AbstractAutowireCapableBeanFactory.autowireConstructor(AbstractAutowireCapableBeanFactory.java:1381)
	at org.springframework.beans.factory.support.AbstractAutowireCapableBeanFactory.createBeanInstance(AbstractAutowireCapableBeanFactory.java:1218)
	at org.springframework.beans.factory.support.AbstractAutowireCapableBeanFactory.doCreateBean(AbstractAutowireCapableBeanFactory.java:563)
	at org.springframework.beans.factory.support.AbstractAutowireCapableBeanFactory.createBean(AbstractAutowireCapableBeanFactory.java:523)
	at org.springframework.beans.factory.support.AbstractBeanFactory.lambda$doGetBean$0(AbstractBeanFactory.java:339)
	at org.springframework.beans.factory.support.DefaultSingletonBeanRegistry.getSingleton(DefaultSingletonBeanRegistry.java:346)
	at org.springframework.beans.factory.support.AbstractBeanFactory.doGetBean(AbstractBeanFactory.java:337)
	at org.springframework.beans.factory.support.AbstractBeanFactory.getBean(AbstractBeanFactory.java:202)
	at org.springframework.beans.factory.support.DefaultListableBeanFactory.instantiateSingleton(DefaultListableBeanFactory.java:1155)
	at org.springframework.beans.factory.support.DefaultListableBeanFactory.preInstantiateSingleton(DefaultListableBeanFactory.java:1121)
	at org.springframework.beans.factory.support.DefaultListableBeanFactory.preInstantiateSingletons(DefaultListableBeanFactory.java:1056)
	at org.springframework.context.support.AbstractApplicationContext.finishBeanFactoryInitialization(AbstractApplicationContext.java:987)
	at org.springframework.context.support.AbstractApplicationContext.refresh(AbstractApplicationContext.java:627)
	at org.springframework.boot.web.servlet.context.ServletWebServerApplicationContext.refresh(ServletWebServerApplicationContext.java:146)
	at org.springframework.boot.SpringApplication.refresh(SpringApplication.java:752)
	at org.springframework.boot.SpringApplication.refreshContext(SpringApplication.java:439)
	at org.springframework.boot.SpringApplication.run(SpringApplication.java:318)
	at org.springframework.boot.SpringApplication.run(SpringApplication.java:1361)
	at org.springframework.boot.SpringApplication.run(SpringApplication.java:1350)
	at org.wyman.Application.main(Application.java:14)
	at java.base/jdk.internal.reflect.NativeMethodAccessorImpl.invoke0(Native Method)
	at java.base/jdk.internal.reflect.NativeMethodAccessorImpl.invoke(NativeMethodAccessorImpl.java:77)
	at java.base/jdk.internal.reflect.DelegatingMethodAccessorImpl.invoke(DelegatingMethodAccessorImpl.java:43)
	at java.base/java.lang.reflect.Method.invoke(Method.java:568)
	at org.springframework.boot.loader.launch.Launcher.launch(Launcher.java:102)
	at org.springframework.boot.loader.launch.Launcher.launch(Launcher.java:64)
	at org.springframework.boot.loader.launch.JarLauncher.main(JarLauncher.java:40)
Caused by: org.springframework.beans.factory.UnsatisfiedDependencyException: Error creating bean with name 'signingService' defined in URL [jar:nested:/Users/liweimin.wyman/Desktop/个人文件/cert/hybird/hybird-app/target/hybird-app.jar/!BOOT-INF/lib/hybird-domain-1.0-SNAPSHOT.jar!/org/wyman/domain/signing/service/SigningService.class]: Unsatisfied dependency expressed through constructor parameter 1: Error creating bean with name 'minioObjectStorageGateway' defined in URL [jar:nested:/Users/liweimin.wyman/Desktop/个人文件/cert/hybird/hybird-app/target/hybird-app.jar/!BOOT-INF/lib/hybird-infrastructure-1.0-SNAPSHOT.jar!/org/wyman/infrastructure/adapter/port/MinioObjectStorageGateway.class]: Failed to instantiate [org.wyman.infrastructure.adapter.port.MinioObjectStorageGateway]: Constructor threw exception
	at org.springframework.beans.factory.support.ConstructorResolver.createArgumentArray(ConstructorResolver.java:804)
	at org.springframework.beans.factory.support.ConstructorResolver.autowireConstructor(ConstructorResolver.java:240)
	at org.springframework.beans.factory.support.AbstractAutowireCapableBeanFactory.autowireConstructor(AbstractAutowireCapableBeanFactory.java:1381)
	at org.springframework.beans.factory.support.AbstractAutowireCapableBeanFactory.createBeanInstance(AbstractAutowireCapableBeanFactory.java:1218)
	at org.springframework.beans.factory.support.AbstractAutowireCapableBeanFactory.doCreateBean(AbstractAutowireCapableBeanFactory.java:563)
	at org.springframework.beans.factory.support.AbstractAutowireCapableBeanFactory.createBean(AbstractAutowireCapableBeanFactory.java:523)
	at org.springframework.beans.factory.support.AbstractBeanFactory.lambda$doGetBean$0(AbstractBeanFactory.java:339)
	at org.springframework.beans.factory.support.DefaultSingletonBeanRegistry.getSingleton(DefaultSingletonBeanRegistry.java:346)
	at org.springframework.beans.factory.support.AbstractBeanFactory.doGetBean(AbstractBeanFactory.java:337)
	at org.springframework.beans.factory.support.AbstractBeanFactory.getBean(AbstractBeanFactory.java:202)
	at org.springframework.beans.factory.config.DependencyDescriptor.resolveCandidate(DependencyDescriptor.java:254)
	at org.springframework.beans.factory.support.DefaultListableBeanFactory.doResolveDependency(DefaultListableBeanFactory.java:1664)
	at org.springframework.beans.factory.support.DefaultListableBeanFactory.resolveDependency(DefaultListableBeanFactory.java:1552)
	at org.springframework.beans.factory.support.ConstructorResolver.resolveAutowiredArgument(ConstructorResolver.java:913)
	at org.springframework.beans.factory.support.ConstructorResolver.createArgumentArray(ConstructorResolver.java:791)
	... 28 common frames omitted
Caused by: org.springframework.beans.factory.BeanCreationException: Error creating bean with name 'minioObjectStorageGateway' defined in URL [jar:nested:/Users/liweimin.wyman/Desktop/个人文件/cert/hybird/hybird-app/target/hybird-app.jar/!BOOT-INF/lib/hybird-infrastructure-1.0-SNAPSHOT.jar!/org/wyman/infrastructure/adapter/port/MinioObjectStorageGateway.class]: Failed to instantiate [org.wyman.infrastructure.adapter.port.MinioObjectStorageGateway]: Constructor threw exception
	at org.springframework.beans.factory.support.ConstructorResolver.instantiate(ConstructorResolver.java:321)
	at org.springframework.beans.factory.support.ConstructorResolver.autowireConstructor(ConstructorResolver.java:309)
	at org.springframework.beans.factory.support.AbstractAutowireCapableBeanFactory.autowireConstructor(AbstractAutowireCapableBeanFactory.java:1381)
	at org.springframework.beans.factory.support.AbstractAutowireCapableBeanFactory.createBeanInstance(AbstractAutowireCapableBeanFactory.java:1218)
	at org.springframework.beans.factory.support.AbstractAutowireCapableBeanFactory.doCreateBean(AbstractAutowireCapableBeanFactory.java:563)
	at org.springframework.beans.factory.support.AbstractAutowireCapableBeanFactory.createBean(AbstractAutowireCapableBeanFactory.java:523)
	at org.springframework.beans.factory.support.AbstractBeanFactory.lambda$doGetBean$0(AbstractBeanFactory.java:339)
	at org.springframework.beans.factory.support.DefaultSingletonBeanRegistry.getSingleton(DefaultSingletonBeanRegistry.java:346)
	at org.springframework.beans.factory.support.AbstractBeanFactory.doGetBean(AbstractBeanFactory.java:337)
	at org.springframework.beans.factory.support.AbstractBeanFactory.getBean(AbstractBeanFactory.java:202)
	at org.springframework.beans.factory.config.DependencyDescriptor.resolveCandidate(DependencyDescriptor.java:254)
	at org.springframework.beans.factory.support.DefaultListableBeanFactory.doResolveDependency(DefaultListableBeanFactory.java:1664)
	at org.springframework.beans.factory.support.DefaultListableBeanFactory.resolveDependency(DefaultListableBeanFactory.java:1552)
	at org.springframework.beans.factory.support.ConstructorResolver.resolveAutowiredArgument(ConstructorResolver.java:913)
	at org.springframework.beans.factory.support.ConstructorResolver.createArgumentArray(ConstructorResolver.java:791)
	... 42 common frames omitted
Caused by: org.springframework.beans.BeanInstantiationException: Failed to instantiate [org.wyman.infrastructure.adapter.port.MinioObjectStorageGateway]: Constructor threw exception
	at org.springframework.beans.BeanUtils.instantiateClass(BeanUtils.java:222)
	at org.springframework.beans.factory.support.SimpleInstantiationStrategy.instantiate(SimpleInstantiationStrategy.java:145)
	at org.springframework.beans.factory.support.ConstructorResolver.instantiate(ConstructorResolver.java:318)
	... 56 common frames omitted
Caused by: java.lang.RuntimeException: 初始化MinIO客户端失败
	at org.wyman.infrastructure.adapter.port.MinioObjectStorageGateway.<init>(MinioObjectStorageGateway.java:42)
	at java.base/jdk.internal.reflect.NativeConstructorAccessorImpl.newInstance0(Native Method)
	at java.base/jdk.internal.reflect.NativeConstructorAccessorImpl.newInstance(NativeConstructorAccessorImpl.java:77)
	at java.base/jdk.internal.reflect.DelegatingConstructorAccessorImpl.newInstance(DelegatingConstructorAccessorImpl.java:45)
	at java.base/java.lang.reflect.Constructor.newInstanceWithCaller(Constructor.java:499)
	at java.base/java.lang.reflect.Constructor.newInstance(Constructor.java:480)
	at org.springframework.beans.BeanUtils.instantiateClass(BeanUtils.java:209)
	... 58 common frames omitted
Caused by: java.lang.RuntimeException: 检查或创建MinIO存储桶失败
	at org.wyman.infrastructure.adapter.port.MinioObjectStorageGateway.ensureBucketExists(MinioObjectStorageGateway.java:62)
	at org.wyman.infrastructure.adapter.port.MinioObjectStorageGateway.<init>(MinioObjectStorageGateway.java:39)
	... 64 common frames omitted
Caused by: java.net.ConnectException: Failed to connect to localhost/[0:0:0:0:0:0:0:1]:9000
	at okhttp3.internal.connection.RealConnection.connectSocket(RealConnection.kt:297)
	at okhttp3.internal.connection.RealConnection.connect(RealConnection.kt:207)
	at okhttp3.internal.connection.ExchangeFinder.findConnection(ExchangeFinder.kt:226)
	at okhttp3.internal.connection.ExchangeFinder.findHealthyConnection(ExchangeFinder.kt:106)
	at okhttp3.internal.connection.ExchangeFinder.find(ExchangeFinder.kt:74)
	at okhttp3.internal.connection.RealCall.initExchange$okhttp(RealCall.kt:255)
	at okhttp3.internal.connection.ConnectInterceptor.intercept(ConnectInterceptor.kt:32)
	at okhttp3.internal.http.RealInterceptorChain.proceed(RealInterceptorChain.kt:109)
	at okhttp3.internal.cache.CacheInterceptor.intercept(CacheInterceptor.kt:95)
	at okhttp3.internal.http.RealInterceptorChain.proceed(RealInterceptorChain.kt:109)
	at okhttp3.internal.http.BridgeInterceptor.intercept(BridgeInterceptor.kt:83)
	at okhttp3.internal.http.RealInterceptorChain.proceed(RealInterceptorChain.kt:109)
	at okhttp3.internal.http.RetryAndFollowUpInterceptor.intercept(RetryAndFollowUpInterceptor.kt:76)
	at okhttp3.internal.http.RealInterceptorChain.proceed(RealInterceptorChain.kt:109)
	at okhttp3.internal.connection.RealCall.getResponseWithInterceptorChain$okhttp(RealCall.kt:201)
	at okhttp3.internal.connection.RealCall$AsyncCall.run(RealCall.kt:517)
	at java.base/java.util.concurrent.ThreadPoolExecutor.runWorker(ThreadPoolExecutor.java:1136)
	at java.base/java.util.concurrent.ThreadPoolExecutor$Worker.run(ThreadPoolExecutor.java:635)
	at java.base/java.lang.Thread.run(Thread.java:842)
	Suppressed: java.net.ConnectException: Failed to connect to localhost/127.0.0.1:9000
		... 19 common frames omitted
	Caused by: java.net.ConnectException: Connection refused
		at java.base/sun.nio.ch.Net.pollConnect(Native Method)
		at java.base/sun.nio.ch.Net.pollConnectNow(Net.java:672)
		at java.base/sun.nio.ch.NioSocketImpl.timedFinishConnect(NioSocketImpl.java:547)
		at java.base/sun.nio.ch.NioSocketImpl.connect(NioSocketImpl.java:602)
		at java.base/java.net.SocksSocketImpl.connect(SocksSocketImpl.java:327)
		at java.base/java.net.Socket.connect(Socket.java:633)
		at okhttp3.internal.platform.Platform.connectSocket(Platform.kt:128)
		at okhttp3.internal.connection.RealConnection.connectSocket(RealConnection.kt:295)
		... 18 common frames omitted
Caused by: java.net.ConnectException: Connection refused
	at java.base/sun.nio.ch.Net.pollConnect(Native Method)
	at java.base/sun.nio.ch.Net.pollConnectNow(Net.java:672)
	at java.base/sun.nio.ch.NioSocketImpl.timedFinishConnect(NioSocketImpl.java:554)
	at java.base/sun.nio.ch.NioSocketImpl.connect(NioSocketImpl.java:602)
	at java.base/java.net.SocksSocketImpl.connect(SocksSocketImpl.java:327)
	at java.base/java.net.Socket.connect(Socket.java:633)
	at okhttp3.internal.platform.Platform.connectSocket(Platform.kt:128)
	at okhttp3.internal.connection.RealConnection.connectSocket(RealConnection.kt:295)
	... 18 common frames omitted
26-01-07.01:29:21.464 [http-nio-8091-exec-2] WARN  DefaultHandlerExceptionResolver - Resolved [org.springframework.web.HttpRequestMethodNotSupportedException: Request method 'GET' is not supported]
