26-01-07.01:26:39.014 [background-preinit] INFO  Version                - HV000001: Hibernate Validator 8.0.2.Final
26-01-07.01:26:39.040 [main            ] INFO  Application            - Starting Application using Java 17.0.12 with PID 35222 (/Users/liweimin.wyman/Desktop/个人文件/cert/hybird/hybird-app/target/classes started by liweimin.wyman in /Users/liweimin.wyman/Desktop/个人文件/cert/hybird)
26-01-07.01:26:39.041 [main            ] INFO  Application            - The following 1 profile is active: "dev"
26-01-07.01:26:39.421 [main            ] INFO  RepositoryConfigurationDelegate - Multiple Spring Data modules found, entering strict repository configuration mode
26-01-07.01:26:39.422 [main            ] INFO  RepositoryConfigurationDelegate - Bootstrapping Spring Data Redis repositories in DEFAULT mode.
26-01-07.01:26:39.443 [main            ] INFO  RepositoryConfigurationDelegate - Finished Spring Data repository scanning in 14 ms. Found 0 Redis repository interfaces.
26-01-07.01:26:39.739 [main            ] INFO  TomcatWebServer        - Tomcat initialized with port 8091 (http)
26-01-07.01:26:39.744 [main            ] INFO  Http11NioProtocol      - Initializing ProtocolHandler ["http-nio-8091"]
26-01-07.01:26:39.745 [main            ] INFO  StandardService        - Starting service [Tomcat]
26-01-07.01:26:39.745 [main            ] INFO  StandardEngine         - Starting Servlet engine: [Apache Tomcat/10.1.36]
26-01-07.01:26:39.771 [main            ] INFO  [/]                    - Initializing Spring embedded WebApplicationContext
26-01-07.01:26:39.771 [main            ] INFO  ServletWebServerApplicationContext - Root WebApplicationContext: initialization completed in 704 ms
26-01-07.01:26:40.053 [main            ] WARN  AnnotationConfigServletWebServerApplicationContext - Exception encountered during context initialization - cancelling refresh attempt: org.springframework.beans.factory.UnsatisfiedDependencyException: Error creating bean with name 'domainConfig' defined in file [/Users/liweimin.wyman/Desktop/个人文件/cert/hybird/hybird-app/target/classes/org/wyman/config/DomainConfig.class]: Unsatisfied dependency expressed through constructor parameter 2: Error creating bean with name 'signingService' defined in file [/Users/liweimin.wyman/Desktop/个人文件/cert/hybird/hybird-domain/target/classes/org/wyman/domain/signing/service/SigningService.class]: Unsatisfied dependency expressed through constructor parameter 1: Error creating bean with name 'minioObjectStorageGateway' defined in file [/Users/liweimin.wyman/Desktop/个人文件/cert/hybird/hybird-infrastructure/target/classes/org/wyman/infrastructure/adapter/port/MinioObjectStorageGateway.class]: Failed to instantiate [org.wyman.infrastructure.adapter.port.MinioObjectStorageGateway]: Constructor threw exception
26-01-07.01:26:40.055 [main            ] INFO  StandardService        - Stopping service [Tomcat]
26-01-07.01:26:40.062 [main            ] INFO  ConditionEvaluationReportLogger - 

Error starting ApplicationContext. To display the condition evaluation report re-run your application with 'debug' enabled.
26-01-07.01:26:40.069 [main            ] ERROR LoggingFailureAnalysisReporter - 

***************************
APPLICATION FAILED TO START
***************************

Description:

An attempt was made to call a method that does not exist. The attempt was made from the following location:

    io.minio.S3Base.<clinit>(S3Base.java:105)

The following method did not exist:

    'okhttp3.RequestBody okhttp3.RequestBody.create(byte[], okhttp3.MediaType)'

The calling method's class, io.minio.S3Base, was loaded from the following location:

    jar:file:/Users/liweimin.wyman/.m2/repository/io/minio/minio/8.5.7/minio-8.5.7.jar!/io/minio/S3Base.class

The called method's class, okhttp3.RequestBody, is available from the following locations:

    jar:file:/Users/liweimin.wyman/.m2/repository/com/squareup/okhttp3/okhttp/3.14.9/okhttp-3.14.9.jar!/okhttp3/RequestBody.class

The called method's class hierarchy was loaded from the following locations:

    okhttp3.RequestBody: file:/Users/liweimin.wyman/.m2/repository/com/squareup/okhttp3/okhttp/3.14.9/okhttp-3.14.9.jar


Action:

Correct the classpath of your application so that it contains compatible versions of the classes io.minio.S3Base and okhttp3.RequestBody

26-01-07.01:27:41.612 [background-preinit] INFO  Version                - HV000001: Hibernate Validator 8.0.2.Final
26-01-07.01:27:41.633 [main            ] INFO  Application            - Starting Application using Java 17.0.12 with PID 35720 (/Users/liweimin.wyman/Desktop/个人文件/cert/hybird/hybird-app/target/classes started by liweimin.wyman in /Users/liweimin.wyman/Desktop/个人文件/cert/hybird)
26-01-07.01:27:41.633 [main            ] INFO  Application            - The following 1 profile is active: "dev"
26-01-07.01:27:42.018 [main            ] INFO  RepositoryConfigurationDelegate - Multiple Spring Data modules found, entering strict repository configuration mode
26-01-07.01:27:42.019 [main            ] INFO  RepositoryConfigurationDelegate - Bootstrapping Spring Data Redis repositories in DEFAULT mode.
26-01-07.01:27:42.039 [main            ] INFO  RepositoryConfigurationDelegate - Finished Spring Data repository scanning in 12 ms. Found 0 Redis repository interfaces.
26-01-07.01:27:42.383 [main            ] INFO  TomcatWebServer        - Tomcat initialized with port 8091 (http)
26-01-07.01:27:42.388 [main            ] INFO  Http11NioProtocol      - Initializing ProtocolHandler ["http-nio-8091"]
26-01-07.01:27:42.389 [main            ] INFO  StandardService        - Starting service [Tomcat]
26-01-07.01:27:42.389 [main            ] INFO  StandardEngine         - Starting Servlet engine: [Apache Tomcat/10.1.36]
26-01-07.01:27:42.416 [main            ] INFO  [/]                    - Initializing Spring embedded WebApplicationContext
26-01-07.01:27:42.416 [main            ] INFO  ServletWebServerApplicationContext - Root WebApplicationContext: initialization completed in 746 ms
26-01-07.01:27:42.764 [main            ] WARN  AnnotationConfigServletWebServerApplicationContext - Exception encountered during context initialization - cancelling refresh attempt: org.springframework.beans.factory.UnsatisfiedDependencyException: Error creating bean with name 'domainConfig' defined in file [/Users/liweimin.wyman/Desktop/个人文件/cert/hybird/hybird-app/target/classes/org/wyman/config/DomainConfig.class]: Unsatisfied dependency expressed through constructor parameter 2: Error creating bean with name 'signingService' defined in file [/Users/liweimin.wyman/Desktop/个人文件/cert/hybird/hybird-domain/target/classes/org/wyman/domain/signing/service/SigningService.class]: Unsatisfied dependency expressed through constructor parameter 1: Error creating bean with name 'minioObjectStorageGateway' defined in file [/Users/liweimin.wyman/Desktop/个人文件/cert/hybird/hybird-infrastructure/target/classes/org/wyman/infrastructure/adapter/port/MinioObjectStorageGateway.class]: Failed to instantiate [org.wyman.infrastructure.adapter.port.MinioObjectStorageGateway]: Constructor threw exception
26-01-07.01:27:42.765 [main            ] INFO  StandardService        - Stopping service [Tomcat]
26-01-07.01:27:42.771 [main            ] INFO  ConditionEvaluationReportLogger - 

Error starting ApplicationContext. To display the condition evaluation report re-run your application with 'debug' enabled.
26-01-07.01:27:42.777 [main            ] ERROR LoggingFailureAnalysisReporter - 

***************************
APPLICATION FAILED TO START
***************************

Description:

An attempt was made to call a method that does not exist. The attempt was made from the following location:

    io.minio.S3Base.<clinit>(S3Base.java:105)

The following method did not exist:

    'okhttp3.RequestBody okhttp3.RequestBody.create(byte[], okhttp3.MediaType)'

The calling method's class, io.minio.S3Base, was loaded from the following location:

    jar:file:/Users/liweimin.wyman/.m2/repository/io/minio/minio/8.5.7/minio-8.5.7.jar!/io/minio/S3Base.class

The called method's class, okhttp3.RequestBody, is available from the following locations:

    jar:file:/Users/liweimin.wyman/.m2/repository/com/squareup/okhttp3/okhttp/3.14.9/okhttp-3.14.9.jar!/okhttp3/RequestBody.class

The called method's class hierarchy was loaded from the following locations:

    okhttp3.RequestBody: file:/Users/liweimin.wyman/.m2/repository/com/squareup/okhttp3/okhttp/3.14.9/okhttp-3.14.9.jar


Action:

Correct the classpath of your application so that it contains compatible versions of the classes io.minio.S3Base and okhttp3.RequestBody

26-01-07.01:28:45.284 [background-preinit] INFO  Version                - HV000001: Hibernate Validator 8.0.2.Final
26-01-07.01:28:45.304 [main            ] INFO  Application            - Starting Application v1.0-SNAPSHOT using Java 17.0.12 with PID 36226 (/Users/liweimin.wyman/Desktop/个人文件/cert/hybird/hybird-app/target/hybird-app.jar started by liweimin.wyman in /Users/liweimin.wyman/Desktop/个人文件/cert/hybird)
26-01-07.01:28:45.304 [main            ] INFO  Application            - The following 1 profile is active: "dev"
26-01-07.01:28:45.675 [main            ] INFO  RepositoryConfigurationDelegate - Multiple Spring Data modules found, entering strict repository configuration mode
26-01-07.01:28:45.677 [main            ] INFO  RepositoryConfigurationDelegate - Bootstrapping Spring Data Redis repositories in DEFAULT mode.
26-01-07.01:28:45.693 [main            ] INFO  RepositoryConfigurationDelegate - Finished Spring Data repository scanning in 8 ms. Found 0 Redis repository interfaces.
26-01-07.01:28:46.026 [main            ] INFO  TomcatWebServer        - Tomcat initialized with port 8091 (http)
26-01-07.01:28:46.033 [main            ] INFO  Http11NioProtocol      - Initializing ProtocolHandler ["http-nio-8091"]
26-01-07.01:28:46.034 [main            ] INFO  StandardService        - Starting service [Tomcat]
26-01-07.01:28:46.034 [main            ] INFO  StandardEngine         - Starting Servlet engine: [Apache Tomcat/10.1.36]
26-01-07.01:28:46.054 [main            ] INFO  [/]                    - Initializing Spring embedded WebApplicationContext
26-01-07.01:28:46.054 [main            ] INFO  ServletWebServerApplicationContext - Root WebApplicationContext: initialization completed in 726 ms
26-01-07.01:28:46.545 [main            ] WARN  AnnotationConfigServletWebServerApplicationContext - Exception encountered during context initialization - cancelling refresh attempt: org.springframework.beans.factory.UnsatisfiedDependencyException: Error creating bean with name 'domainConfig' defined in URL [jar:nested:/Users/liweimin.wyman/Desktop/个人文件/cert/hybird/hybird-app/target/hybird-app.jar/!BOOT-INF/classes/!/org/wyman/config/DomainConfig.class]: Unsatisfied dependency expressed through constructor parameter 2: Error creating bean with name 'signingService' defined in URL [jar:nested:/Users/liweimin.wyman/Desktop/个人文件/cert/hybird/hybird-app/target/hybird-app.jar/!BOOT-INF/lib/hybird-domain-1.0-SNAPSHOT.jar!/org/wyman/domain/signing/service/SigningService.class]: Unsatisfied dependency expressed through constructor parameter 1: Error creating bean with name 'minioObjectStorageGateway' defined in URL [jar:nested:/Users/liweimin.wyman/Desktop/个人文件/cert/hybird/hybird-app/target/hybird-app.jar/!BOOT-INF/lib/hybird-infrastructure-1.0-SNAPSHOT.jar!/org/wyman/infrastructure/adapter/port/MinioObjectStorageGateway.class]: Failed to instantiate [org.wyman.infrastructure.adapter.port.MinioObjectStorageGateway]: Constructor threw exception
26-01-07.01:28:46.546 [main            ] INFO  StandardService        - Stopping service [Tomcat]
26-01-07.01:28:46.556 [main            ] INFO  ConditionEvaluationReportLogger - 

Error starting ApplicationContext. To display the condition evaluation report re-run your application with 'debug' enabled.
26-01-07.01:28:46.565 [main            ] ERROR SpringApplication      - Application run failed
org.springframework.beans.factory.UnsatisfiedDependencyException: Error creating bean with name 'domainConfig' defined in URL [jar:nested:/Users/liweimin.wyman/Desktop/个人文件/cert/hybird/hybird-app/target/hybird-app.jar/!BOOT-INF/classes/!/org/wyman/config/DomainConfig.class]: Unsatisfied dependency expressed through constructor parameter 2: Error creating bean with name 'signingService' defined in URL [jar:nested:/Users/liweimin.wyman/Desktop/个人文件/cert/hybird/hybird-app/target/hybird-app.jar/!BOOT-INF/lib/hybird-domain-1.0-SNAPSHOT.jar!/org/wyman/domain/signing/service/SigningService.class]: Unsatisfied dependency expressed through constructor parameter 1: Error creating bean with name 'minioObjectStorageGateway' defined in URL [jar:nested:/Users/liweimin.wyman/Desktop/个人文件/cert/hybird/hybird-app/target/hybird-app.jar/!BOOT-INF/lib/hybird-infrastructure-1.0-SNAPSHOT.jar!/org/wyman/infrastructure/adapter/port/MinioObjectStorageGateway.class]: Failed to instantiate [org.wyman.infrastructure.adapter.port.MinioObjectStorageGateway]: Constructor threw exception
	at org.springframework.beans.factory.support.ConstructorResolver.createArgumentArray(ConstructorResolver.java:804)
	at org.springframework.beans.factory.support.ConstructorResolver.autowireConstructor(ConstructorResolver.java:240)
	at org.springframework.beans.factory.support.AbstractAutowireCapableBeanFactory.autowireConstructor(AbstractAutowireCapableBeanFactory.java:1381)
	at org.springframework.beans.factory.support.AbstractAutowireCapableBeanFactory.createBeanInstance(AbstractAutowireCapableBeanFactory.java:1218)
	at org.springframework.beans.factory.support.AbstractAutowireCapableBeanFactory.doCreateBean(AbstractAutowireCapableBeanFactory.java:563)
	at org.springframework.beans.factory.support.AbstractAutowireCapableBeanFactory.createBean(AbstractAutowireCapableBeanFactory.java:523)
	at org.springframework.beans.factory.support.AbstractBeanFactory.lambda$doGetBean$0(AbstractBeanFactory.java:339)
	at org.springframework.beans.factory.support.DefaultSingletonBeanRegistry.getSingleton(DefaultSingletonBeanRegistry.java:346)
	at org.springframework.beans.factory.support.AbstractBeanFactory.doGetBean(AbstractBeanFactory.java:337)
	at org.springframework.beans.factory.support.AbstractBeanFactory.getBean(AbstractBeanFactory.java:202)
	at org.springframework.beans.factory.support.DefaultListableBeanFactory.instantiateSingleton(DefaultListableBeanFactory.java:1155)
	at org.springframework.beans.factory.support.DefaultListableBeanFactory.preInstantiateSingleton(DefaultListableBeanFactory.java:1121)
	at org.springframework.beans.factory.support.DefaultListableBeanFactory.preInstantiateSingletons(DefaultListableBeanFactory.java:1056)
	at org.springframework.context.support.AbstractApplicationContext.finishBeanFactoryInitialization(AbstractApplicationContext.java:987)
	at org.springframework.context.support.AbstractApplicationContext.refresh(AbstractApplicationContext.java:627)
	at org.springframework.boot.web.servlet.context.ServletWebServerApplicationContext.refresh(ServletWebServerApplicationContext.java:146)
	at org.springframework.boot.SpringApplication.refresh(SpringApplication.java:752)
	at org.springframework.boot.SpringApplication.refreshContext(SpringApplication.java:439)
	at org.springframework.boot.SpringApplication.run(SpringApplication.java:318)
	at org.springframework.boot.SpringApplication.run(SpringApplication.java:1361)
	at org.springframework.boot.SpringApplication.run(SpringApplication.java:1350)
	at org.wyman.Application.main(Application.java:14)
	at java.base/jdk.internal.reflect.NativeMethodAccessorImpl.invoke0(Native Method)
	at java.base/jdk.internal.reflect.NativeMethodAccessorImpl.invoke(NativeMethodAccessorImpl.java:77)
	at java.base/jdk.internal.reflect.DelegatingMethodAccessorImpl.invoke(DelegatingMethodAccessorImpl.java:43)
	at java.base/java.lang.reflect.Method.invoke(Method.java:568)
	at org.springframework.boot.loader.launch.Launcher.launch(Launcher.java:102)
	at org.springframework.boot.loader.launch.Launcher.launch(Launcher.java:64)
	at org.springframework.boot.loader.launch.JarLauncher.main(JarLauncher.java:40)
Caused by: org.springframework.beans.factory.UnsatisfiedDependencyException: Error creating bean with name 'signingService' defined in URL [jar:nested:/Users/liweimin.wyman/Desktop/个人文件/cert/hybird/hybird-app/target/hybird-app.jar/!BOOT-INF/lib/hybird-domain-1.0-SNAPSHOT.jar!/org/wyman/domain/signing/service/SigningService.class]: Unsatisfied dependency expressed through constructor parameter 1: Error creating bean with name 'minioObjectStorageGateway' defined in URL [jar:nested:/Users/liweimin.wyman/Desktop/个人文件/cert/hybird/hybird-app/target/hybird-app.jar/!BOOT-INF/lib/hybird-infrastructure-1.0-SNAPSHOT.jar!/org/wyman/infrastructure/adapter/port/MinioObjectStorageGateway.class]: Failed to instantiate [org.wyman.infrastructure.adapter.port.MinioObjectStorageGateway]: Constructor threw exception
	at org.springframework.beans.factory.support.ConstructorResolver.createArgumentArray(ConstructorResolver.java:804)
	at org.springframework.beans.factory.support.ConstructorResolver.autowireConstructor(ConstructorResolver.java:240)
	at org.springframework.beans.factory.support.AbstractAutowireCapableBeanFactory.autowireConstructor(AbstractAutowireCapableBeanFactory.java:1381)
	at org.springframework.beans.factory.support.AbstractAutowireCapableBeanFactory.createBeanInstance(AbstractAutowireCapableBeanFactory.java:1218)
	at org.springframework.beans.factory.support.AbstractAutowireCapableBeanFactory.doCreateBean(AbstractAutowireCapableBeanFactory.java:563)
	at org.springframework.beans.factory.support.AbstractAutowireCapableBeanFactory.createBean(AbstractAutowireCapableBeanFactory.java:523)
	at org.springframework.beans.factory.support.AbstractBeanFactory.lambda$doGetBean$0(AbstractBeanFactory.java:339)
	at org.springframework.beans.factory.support.DefaultSingletonBeanRegistry.getSingleton(DefaultSingletonBeanRegistry.java:346)
	at org.springframework.beans.factory.support.AbstractBeanFactory.doGetBean(AbstractBeanFactory.java:337)
	at org.springframework.beans.factory.support.AbstractBeanFactory.getBean(AbstractBeanFactory.java:202)
	at org.springframework.beans.factory.config.DependencyDescriptor.resolveCandidate(DependencyDescriptor.java:254)
	at org.springframework.beans.factory.support.DefaultListableBeanFactory.doResolveDependency(DefaultListableBeanFactory.java:1664)
	at org.springframework.beans.factory.support.DefaultListableBeanFactory.resolveDependency(DefaultListableBeanFactory.java:1552)
	at org.springframework.beans.factory.support.ConstructorResolver.resolveAutowiredArgument(ConstructorResolver.java:913)
	at org.springframework.beans.factory.support.ConstructorResolver.createArgumentArray(ConstructorResolver.java:791)
	... 28 common frames omitted
Caused by: org.springframework.beans.factory.BeanCreationException: Error creating bean with name 'minioObjectStorageGateway' defined in URL [jar:nested:/Users/liweimin.wyman/Desktop/个人文件/cert/hybird/hybird-app/target/hybird-app.jar/!BOOT-INF/lib/hybird-infrastructure-1.0-SNAPSHOT.jar!/org/wyman/infrastructure/adapter/port/MinioObjectStorageGateway.class]: Failed to instantiate [org.wyman.infrastructure.adapter.port.MinioObjectStorageGateway]: Constructor threw exception
	at org.springframework.beans.factory.support.ConstructorResolver.instantiate(ConstructorResolver.java:321)
	at org.springframework.beans.factory.support.ConstructorResolver.autowireConstructor(ConstructorResolver.java:309)
	at org.springframework.beans.factory.support.AbstractAutowireCapableBeanFactory.autowireConstructor(AbstractAutowireCapableBeanFactory.java:1381)
	at org.springframework.beans.factory.support.AbstractAutowireCapableBeanFactory.createBeanInstance(AbstractAutowireCapableBeanFactory.java:1218)
	at org.springframework.beans.factory.support.AbstractAutowireCapableBeanFactory.doCreateBean(AbstractAutowireCapableBeanFactory.java:563)
	at org.springframework.beans.factory.support.AbstractAutowireCapableBeanFactory.createBean(AbstractAutowireCapableBeanFactory.java:523)
	at org.springframework.beans.factory.support.AbstractBeanFactory.lambda$doGetBean$0(AbstractBeanFactory.java:339)
	at org.springframework.beans.factory.support.DefaultSingletonBeanRegistry.getSingleton(DefaultSingletonBeanRegistry.java:346)
	at org.springframework.beans.factory.support.AbstractBeanFactory.doGetBean(AbstractBeanFactory.java:337)
	at org.springframework.beans.factory.support.AbstractBeanFactory.getBean(AbstractBeanFactory.java:202)
	at org.springframework.beans.factory.config.DependencyDescriptor.resolveCandidate(DependencyDescriptor.java:254)
	at org.springframework.beans.factory.support.DefaultListableBeanFactory.doResolveDependency(DefaultListableBeanFactory.java:1664)
	at org.springframework.beans.factory.support.DefaultListableBeanFactory.resolveDependency(DefaultListableBeanFactory.java:1552)
	at org.springframework.beans.factory.support.ConstructorResolver.resolveAutowiredArgument(ConstructorResolver.java:913)
	at org.springframework.beans.factory.support.ConstructorResolver.createArgumentArray(ConstructorResolver.java:791)
	... 42 common frames omitted
Caused by: org.springframework.beans.BeanInstantiationException: Failed to instantiate [org.wyman.infrastructure.adapter.port.MinioObjectStorageGateway]: Constructor threw exception
	at org.springframework.beans.BeanUtils.instantiateClass(BeanUtils.java:222)
	at org.springframework.beans.factory.support.SimpleInstantiationStrategy.instantiate(SimpleInstantiationStrategy.java:145)
	at org.springframework.beans.factory.support.ConstructorResolver.instantiate(ConstructorResolver.java:318)
	... 56 common frames omitted
Caused by: java.lang.RuntimeException: 初始化MinIO客户端失败
	at org.wyman.infrastructure.adapter.port.MinioObjectStorageGateway.<init>(MinioObjectStorageGateway.java:42)
	at java.base/jdk.internal.reflect.NativeConstructorAccessorImpl.newInstance0(Native Method)
	at java.base/jdk.internal.reflect.NativeConstructorAccessorImpl.newInstance(NativeConstructorAccessorImpl.java:77)
	at java.base/jdk.internal.reflect.DelegatingConstructorAccessorImpl.newInstance(DelegatingConstructorAccessorImpl.java:45)
	at java.base/java.lang.reflect.Constructor.newInstanceWithCaller(Constructor.java:499)
	at java.base/java.lang.reflect.Constructor.newInstance(Constructor.java:480)
	at org.springframework.beans.BeanUtils.instantiateClass(BeanUtils.java:209)
	... 58 common frames omitted
Caused by: java.lang.RuntimeException: 检查或创建MinIO存储桶失败
	at org.wyman.infrastructure.adapter.port.MinioObjectStorageGateway.ensureBucketExists(MinioObjectStorageGateway.java:62)
	at org.wyman.infrastructure.adapter.port.MinioObjectStorageGateway.<init>(MinioObjectStorageGateway.java:39)
	... 64 common frames omitted
Caused by: java.net.ConnectException: Failed to connect to localhost/[0:0:0:0:0:0:0:1]:9000
	at okhttp3.internal.connection.RealConnection.connectSocket(RealConnection.kt:297)
	at okhttp3.internal.connection.RealConnection.connect(RealConnection.kt:207)
	at okhttp3.internal.connection.ExchangeFinder.findConnection(ExchangeFinder.kt:226)
	at okhttp3.internal.connection.ExchangeFinder.findHealthyConnection(ExchangeFinder.kt:106)
	at okhttp3.internal.connection.ExchangeFinder.find(ExchangeFinder.kt:74)
	at okhttp3.internal.connection.RealCall.initExchange$okhttp(RealCall.kt:255)
	at okhttp3.internal.connection.ConnectInterceptor.intercept(ConnectInterceptor.kt:32)
	at okhttp3.internal.http.RealInterceptorChain.proceed(RealInterceptorChain.kt:109)
	at okhttp3.internal.cache.CacheInterceptor.intercept(CacheInterceptor.kt:95)
	at okhttp3.internal.http.RealInterceptorChain.proceed(RealInterceptorChain.kt:109)
	at okhttp3.internal.http.BridgeInterceptor.intercept(BridgeInterceptor.kt:83)
	at okhttp3.internal.http.RealInterceptorChain.proceed(RealInterceptorChain.kt:109)
	at okhttp3.internal.http.RetryAndFollowUpInterceptor.intercept(RetryAndFollowUpInterceptor.kt:76)
	at okhttp3.internal.http.RealInterceptorChain.proceed(RealInterceptorChain.kt:109)
	at okhttp3.internal.connection.RealCall.getResponseWithInterceptorChain$okhttp(RealCall.kt:201)
	at okhttp3.internal.connection.RealCall$AsyncCall.run(RealCall.kt:517)
	at java.base/java.util.concurrent.ThreadPoolExecutor.runWorker(ThreadPoolExecutor.java:1136)
	at java.base/java.util.concurrent.ThreadPoolExecutor$Worker.run(ThreadPoolExecutor.java:635)
	at java.base/java.lang.Thread.run(Thread.java:842)
	Suppressed: java.net.ConnectException: Failed to connect to localhost/127.0.0.1:9000
		... 19 common frames omitted
	Caused by: java.net.ConnectException: Connection refused
		at java.base/sun.nio.ch.Net.pollConnect(Native Method)
		at java.base/sun.nio.ch.Net.pollConnectNow(Net.java:672)
		at java.base/sun.nio.ch.NioSocketImpl.timedFinishConnect(NioSocketImpl.java:547)
		at java.base/sun.nio.ch.NioSocketImpl.connect(NioSocketImpl.java:602)
		at java.base/java.net.SocksSocketImpl.connect(SocksSocketImpl.java:327)
		at java.base/java.net.Socket.connect(Socket.java:633)
		at okhttp3.internal.platform.Platform.connectSocket(Platform.kt:128)
		at okhttp3.internal.connection.RealConnection.connectSocket(RealConnection.kt:295)
		... 18 common frames omitted
Caused by: java.net.ConnectException: Connection refused
	at java.base/sun.nio.ch.Net.pollConnect(Native Method)
	at java.base/sun.nio.ch.Net.pollConnectNow(Net.java:672)
	at java.base/sun.nio.ch.NioSocketImpl.timedFinishConnect(NioSocketImpl.java:554)
	at java.base/sun.nio.ch.NioSocketImpl.connect(NioSocketImpl.java:602)
	at java.base/java.net.SocksSocketImpl.connect(SocksSocketImpl.java:327)
	at java.base/java.net.Socket.connect(Socket.java:633)
	at okhttp3.internal.platform.Platform.connectSocket(Platform.kt:128)
	at okhttp3.internal.connection.RealConnection.connectSocket(RealConnection.kt:295)
	... 18 common frames omitted
26-01-07.01:29:09.321 [background-preinit] INFO  Version                - HV000001: Hibernate Validator 8.0.2.Final
26-01-07.01:29:09.336 [main            ] INFO  Application            - Starting Application v1.0-SNAPSHOT using Java 17.0.12 with PID 36433 (/Users/liweimin.wyman/Desktop/个人文件/cert/hybird/hybird-app/target/hybird-app.jar started by liweimin.wyman in /Users/liweimin.wyman/Desktop/个人文件/cert/hybird)
26-01-07.01:29:09.336 [main            ] INFO  Application            - The following 1 profile is active: "dev"
26-01-07.01:29:09.696 [main            ] INFO  RepositoryConfigurationDelegate - Multiple Spring Data modules found, entering strict repository configuration mode
26-01-07.01:29:09.698 [main            ] INFO  RepositoryConfigurationDelegate - Bootstrapping Spring Data Redis repositories in DEFAULT mode.
26-01-07.01:29:09.713 [main            ] INFO  RepositoryConfigurationDelegate - Finished Spring Data repository scanning in 8 ms. Found 0 Redis repository interfaces.
26-01-07.01:29:09.999 [main            ] INFO  TomcatWebServer        - Tomcat initialized with port 8091 (http)
26-01-07.01:29:10.005 [main            ] INFO  Http11NioProtocol      - Initializing ProtocolHandler ["http-nio-8091"]
26-01-07.01:29:10.006 [main            ] INFO  StandardService        - Starting service [Tomcat]
26-01-07.01:29:10.006 [main            ] INFO  StandardEngine         - Starting Servlet engine: [Apache Tomcat/10.1.36]
26-01-07.01:29:10.024 [main            ] INFO  [/]                    - Initializing Spring embedded WebApplicationContext
26-01-07.01:29:10.024 [main            ] INFO  ServletWebServerApplicationContext - Root WebApplicationContext: initialization completed in 665 ms
26-01-07.01:29:11.251 [main            ] INFO  Http11NioProtocol      - Starting ProtocolHandler ["http-nio-8091"]
26-01-07.01:29:11.265 [main            ] INFO  TomcatWebServer        - Tomcat started on port 8091 (http) with context path '/'
26-01-07.01:29:11.279 [main            ] INFO  Application            - Started Application in 2.182 seconds (process running for 2.428)
26-01-07.01:29:11.290 [main            ] INFO  HikariDataSource       - Retail_HikariCP - Starting...
26-01-07.01:29:11.835 [main            ] INFO  HikariPool             - Retail_HikariCP - Added connection com.mysql.cj.jdbc.ConnectionImpl@5da1a97f
26-01-07.01:29:11.837 [main            ] INFO  HikariDataSource       - Retail_HikariCP - Start completed.
26-01-07.01:29:20.068 [http-nio-8091-exec-1] INFO  [/]                    - Initializing Spring DispatcherServlet 'dispatcherServlet'
26-01-07.01:29:20.068 [http-nio-8091-exec-1] INFO  DispatcherServlet      - Initializing Servlet 'dispatcherServlet'
26-01-07.01:29:20.069 [http-nio-8091-exec-1] INFO  DispatcherServlet      - Completed initialization in 1 ms
26-01-07.01:29:21.464 [http-nio-8091-exec-2] WARN  DefaultHandlerExceptionResolver - Resolved [org.springframework.web.HttpRequestMethodNotSupportedException: Request method 'GET' is not supported]
26-01-07.01:29:22.777 [SpringApplicationShutdownHook] INFO  GracefulShutdown       - Commencing graceful shutdown. Waiting for active requests to complete
26-01-07.01:29:24.784 [tomcat-shutdown ] INFO  GracefulShutdown       - Graceful shutdown complete
26-01-07.01:29:24.797 [SpringApplicationShutdownHook] INFO  HikariDataSource       - Retail_HikariCP - Shutdown initiated...
26-01-07.01:29:24.802 [SpringApplicationShutdownHook] INFO  HikariDataSource       - Retail_HikariCP - Shutdown completed.
26-01-07.01:35:43.403 [background-preinit] INFO  Version                - HV000001: Hibernate Validator 8.0.2.Final
26-01-07.01:35:43.431 [main            ] INFO  Application            - Starting Application using Java 17.0.12 with PID 39044 (/Users/liweimin.wyman/Desktop/个人文件/cert/hybird/hybird-app/target/classes started by liweimin.wyman in /Users/liweimin.wyman/Desktop/个人文件/cert/hybird)
26-01-07.01:35:43.431 [main            ] INFO  Application            - The following 1 profile is active: "dev"
26-01-07.01:35:43.841 [main            ] INFO  RepositoryConfigurationDelegate - Multiple Spring Data modules found, entering strict repository configuration mode
26-01-07.01:35:43.842 [main            ] INFO  RepositoryConfigurationDelegate - Bootstrapping Spring Data Redis repositories in DEFAULT mode.
26-01-07.01:35:43.862 [main            ] INFO  RepositoryConfigurationDelegate - Finished Spring Data repository scanning in 13 ms. Found 0 Redis repository interfaces.
26-01-07.01:35:44.139 [main            ] INFO  TomcatWebServer        - Tomcat initialized with port 8091 (http)
26-01-07.01:35:44.144 [main            ] INFO  Http11NioProtocol      - Initializing ProtocolHandler ["http-nio-8091"]
26-01-07.01:35:44.144 [main            ] INFO  StandardService        - Starting service [Tomcat]
26-01-07.01:35:44.144 [main            ] INFO  StandardEngine         - Starting Servlet engine: [Apache Tomcat/10.1.36]
26-01-07.01:35:44.171 [main            ] INFO  [/]                    - Initializing Spring embedded WebApplicationContext
26-01-07.01:35:44.171 [main            ] INFO  ServletWebServerApplicationContext - Root WebApplicationContext: initialization completed in 715 ms
26-01-07.01:35:44.960 [main            ] INFO  Http11NioProtocol      - Starting ProtocolHandler ["http-nio-8091"]
26-01-07.01:35:44.967 [main            ] INFO  TomcatWebServer        - Tomcat started on port 8091 (http) with context path '/'
26-01-07.01:35:44.973 [main            ] INFO  Application            - Started Application in 1.849 seconds (process running for 2.079)
26-01-07.01:35:44.982 [main            ] INFO  HikariDataSource       - Retail_HikariCP - Starting...
26-01-07.01:35:45.380 [main            ] INFO  HikariPool             - Retail_HikariCP - Added connection com.mysql.cj.jdbc.ConnectionImpl@42c55978
26-01-07.01:35:45.381 [main            ] INFO  HikariDataSource       - Retail_HikariCP - Start completed.
26-01-07.01:35:45.476 [http-nio-8091-exec-3] INFO  [/]                    - Initializing Spring DispatcherServlet 'dispatcherServlet'
26-01-07.01:35:45.476 [http-nio-8091-exec-3] INFO  DispatcherServlet      - Initializing Servlet 'dispatcherServlet'
26-01-07.01:35:45.477 [http-nio-8091-exec-3] INFO  DispatcherServlet      - Completed initialization in 1 ms
26-01-07.01:35:52.825 [SpringApplicationShutdownHook] INFO  GracefulShutdown       - Commencing graceful shutdown. Waiting for active requests to complete
26-01-07.01:35:54.834 [tomcat-shutdown ] INFO  GracefulShutdown       - Graceful shutdown complete
26-01-07.01:35:54.847 [SpringApplicationShutdownHook] INFO  HikariDataSource       - Retail_HikariCP - Shutdown initiated...
26-01-07.01:35:54.851 [SpringApplicationShutdownHook] INFO  HikariDataSource       - Retail_HikariCP - Shutdown completed.
